fabmap_sample.obj : error LNK2019: 无法解析的外部符号 "public: __thiscall cv::Exception::Exception(int,class std::basic_string<char,struct std::char_traits<char>,class std::allocator<char> > const &,class std::basic_string<char,struct std::char_traits<char>,class std::allocator<char> > const &,class std::basic_string<char,struct std::char_traits<char>,class std::allocator<char> > const &,int)" (??0Exception@cv@@QAE@HABV?$basic_string@DU?$char_traits@D@std@@V?$allocator@D@2@@std@@00H@Z)，该符号在函数 "public: char & __thiscall cv::Mat::at<char>(int,int)" (??$at@D@Mat@cv@@QAEAADHH@Z) 中被引用
fabmap_sample.obj : error LNK2019: 无法解析的外部符号 "public: virtual __thiscall cv::Exception::~Exception(void)" (??1Exception@cv@@UAE@XZ)，该符号在函数 "public: char & __thiscall cv::Mat::at<char>(int,int)" (??$at@D@Mat@cv@@QAEAADHH@Z) 中被引用
fabmap_sample.obj : error LNK2019: 无法解析的外部符号 "void __cdecl cv::error(class cv::Exception const &)" (?error@cv@@YAXABVException@1@@Z)，该符号在函数 "public: char & __thiscall cv::Mat::at<char>(int,int)" (??$at@D@Mat@cv@@QAEAADHH@Z) 中被引用
fabmap_sample.obj : error LNK2019: 无法解析的外部符号 "void * __cdecl cv::fastMalloc(unsigned int)" (?fastMalloc@cv@@YAPAXI@Z)，该符号在函数 "public: __thiscall cv::Ptr<class cv::DescriptorExtractor>::Ptr<class cv::DescriptorExtractor>(class cv::DescriptorExtractor *)" (??0?$Ptr@VDescriptorExtractor@cv@@@cv@@QAE@PAVDescriptorExtractor@1@@Z) 中被引用
fabmap_sample.obj : error LNK2019: 无法解析的外部符号 "void __cdecl cv::fastFree(void *)" (?fastFree@cv@@YAXPAX@Z)，该符号在函数 "public: __thiscall cv::Mat::~Mat(void)" (??1Mat@cv@@QAE@XZ) 中被引用
fabmap_sample.obj : error LNK2019: 无法解析的外部符号 "public: __thiscall cv::_InputArray::_InputArray(class cv::Mat const &)" (??0_InputArray@cv@@QAE@ABVMat@1@@Z)，该符号在函数 _main 中被引用
fabmap_sample.obj : error LNK2019: 无法解析的外部符号 "public: __thiscall cv::_OutputArray::_OutputArray(class cv::Mat &)" (??0_OutputArray@cv@@QAE@AAVMat@1@@Z)，该符号在函数 _main 中被引用
fabmap_sample.obj : error LNK2019: 无法解析的外部符号 "public: static class cv::MatExpr __cdecl cv::Mat::zeros(int,int,int)" (?zeros@Mat@cv@@SA?AVMatExpr@2@HHH@Z)，该符号在函数 _main 中被引用
fabmap_sample.obj : error LNK2019: 无法解析的外部符号 "public: void __thiscall cv::Mat::create(int,int const *,int)" (?create@Mat@cv@@QAEXHPBHH@Z)，该符号在函数 "public: void __thiscall cv::Mat::create(int,int,int)" (?create@Mat@cv@@QAEXHHH@Z) 中被引用
fabmap_sample.obj : error LNK2019: 无法解析的外部符号 "public: void __thiscall cv::Mat::deallocate(void)" (?deallocate@Mat@cv@@QAEXXZ)，该符号在函数 "public: void __thiscall cv::Mat::release(void)" (?release@Mat@cv@@QAEXXZ) 中被引用
fabmap_sample.obj : error LNK2019: 无法解析的外部符号 "public: void __thiscall cv::Mat::copySize(class cv::Mat const &)" (?copySize@Mat@cv@@QAEXABV12@@Z)，该符号在函数 "public: __thiscall cv::Mat::Mat(class cv::Mat const &)" (??0Mat@cv@@QAE@ABV01@@Z) 中被引用
fabmap_sample.obj : error LNK2019: 无法解析的外部符号 "public: void __thiscall cv::Mat::push_back(class cv::Mat const &)" (?push_back@Mat@cv@@QAEXABV12@@Z)，该符号在函数 _main 中被引用
fabmap_sample.obj : error LNK2019: 无法解析的外部符号 "public: __thiscall cv::FileStorage::FileStorage(void)" (??0FileStorage@cv@@QAE@XZ)，该符号在函数 _main 中被引用
fabmap_sample.obj : error LNK2019: 无法解析的外部符号 "public: virtual __thiscall cv::FileStorage::~FileStorage(void)" (??1FileStorage@cv@@UAE@XZ)，该符号在函数 _main 中被引用
fabmap_sample.obj : error LNK2019: 无法解析的外部符号 "public: virtual bool __thiscall cv::FileStorage::open(class std::basic_string<char,struct std::char_traits<char>,class std::allocator<char> > const &,int,class std::basic_string<char,struct std::char_traits<char>,class std::allocator<char> > const &)" (?open@FileStorage@cv@@UAE_NABV?$basic_string@DU?$char_traits@D@std@@V?$allocator@D@2@@std@@H0@Z)，该符号在函数 _main 中被引用
fabmap_sample.obj : error LNK2019: 无法解析的外部符号 "public: virtual void __thiscall cv::FileStorage::release(void)" (?release@FileStorage@cv@@UAEXXZ)，该符号在函数 _main 中被引用
fabmap_sample.obj : error LNK2019: 无法解析的外部符号 "public: class cv::FileNode __thiscall cv::FileStorage::operator[](char const *)const " (??AFileStorage@cv@@QBE?AVFileNode@1@PBD@Z)，该符号在函数 _main 中被引用
fabmap_sample.obj : error LNK2019: 无法解析的外部符号 "int __cdecl cv::_interlockedExchangeAdd(int *,int)" (?_interlockedExchangeAdd@cv@@YAHPAHH@Z)，该符号在函数 "public: __thiscall cv::Mat::Mat(class cv::Mat const &)" (??0Mat@cv@@QAE@ABV01@@Z) 中被引用
fabmap_sample.obj : error LNK2019: 无法解析的外部符号 "void __cdecl cv::read(class cv::FileNode const &,class cv::Mat &,class cv::Mat const &)" (?read@cv@@YAXABVFileNode@1@AAVMat@1@ABV31@@Z)，该符号在函数 "void __cdecl cv::operator>><class cv::Mat>(class cv::FileNode const &,class cv::Mat &)" (??$?5VMat@cv@@@cv@@YAXABVFileNode@0@AAVMat@0@@Z) 中被引用
fabmap_sample.obj : error LNK2019: 无法解析的外部符号 "void __cdecl cv::resize(class cv::_InputArray const &,class cv::_OutputArray const &,class cv::Size_<int>,double,double,int)" (?resize@cv@@YAXABV_InputArray@1@ABV_OutputArray@1@V?$Size_@H@1@NNH@Z)，该符号在函数 _main 中被引用
fabmap_sample.obj : error LNK2019: 无法解析的外部符号 "public: void __thiscall cv::FeatureDetector::detect(class cv::Mat const &,class std::vector<class cv::KeyPoint,class std::allocator<class cv::KeyPoint> > &,class cv::Mat const &)const " (?detect@FeatureDetector@cv@@QBEXABVMat@2@AAV?$vector@VKeyPoint@cv@@V?$allocator@VKeyPoint@cv@@@std@@@std@@0@Z)，该符号在函数 _main 中被引用
fabmap_sample.obj : error LNK2019: 无法解析的外部符号 "public: static class cv::Ptr<class cv::AdjusterAdapter> __cdecl cv::AdjusterAdapter::create(class std::basic_string<char,struct std::char_traits<char>,class std::allocator<char> > const &)" (?create@AdjusterAdapter@cv@@SA?AV?$Ptr@VAdjusterAdapter@cv@@@2@ABV?$basic_string@DU?$char_traits@D@std@@V?$allocator@D@2@@std@@@Z)，该符号在函数 _main 中被引用
fabmap_sample.obj : error LNK2019: 无法解析的外部符号 "public: __thiscall cv::DynamicAdaptedFeatureDetector::DynamicAdaptedFeatureDetector(class cv::Ptr<class cv::AdjusterAdapter> const &,int,int,int)" (??0DynamicAdaptedFeatureDetector@cv@@QAE@ABV?$Ptr@VAdjusterAdapter@cv@@@1@HHH@Z)，该符号在函数 _main 中被引用
fabmap_sample.obj : error LNK2019: 无法解析的外部符号 "public: static class cv::Ptr<class cv::DescriptorMatcher> __cdecl cv::DescriptorMatcher::create(class std::basic_string<char,struct std::char_traits<char>,class std::allocator<char> > const &)" (?create@DescriptorMatcher@cv@@SA?AV?$Ptr@VDescriptorMatcher@cv@@@2@ABV?$basic_string@DU?$char_traits@D@std@@V?$allocator@D@2@@std@@@Z)，该符号在函数 _main 中被引用
fabmap_sample.obj : error LNK2019: 无法解析的外部符号 "void __cdecl cv::drawKeypoints(class cv::Mat const &,class std::vector<class cv::KeyPoint,class std::allocator<class cv::KeyPoint> > const &,class cv::Mat &,class cv::Scalar_<double> const &,int)" (?drawKeypoints@cv@@YAXABVMat@1@ABV?$vector@VKeyPoint@cv@@V?$allocator@VKeyPoint@cv@@@std@@@std@@AAV21@ABV?$Scalar_@N@1@H@Z)，该符号在函数 _main 中被引用
fabmap_sample.obj : error LNK2019: 无法解析的外部符号 "public: __thiscall cv::BOWImgDescriptorExtractor::BOWImgDescriptorExtractor(class cv::Ptr<class cv::DescriptorExtractor> const &,class cv::Ptr<class cv::DescriptorMatcher> const &)" (??0BOWImgDescriptorExtractor@cv@@QAE@ABV?$Ptr@VDescriptorExtractor@cv@@@1@ABV?$Ptr@VDescriptorMatcher@cv@@@1@@Z)，该符号在函数 _main 中被引用
fabmap_sample.obj : error LNK2019: 无法解析的外部符号 "public: virtual __thiscall cv::BOWImgDescriptorExtractor::~BOWImgDescriptorExtractor(void)" (??1BOWImgDescriptorExtractor@cv@@UAE@XZ)，该符号在函数 _main 中被引用
fabmap_sample.obj : error LNK2019: 无法解析的外部符号 "public: void __thiscall cv::BOWImgDescriptorExtractor::setVocabulary(class cv::Mat const &)" (?setVocabulary@BOWImgDescriptorExtractor@cv@@QAEXABVMat@2@@Z)，该符号在函数 _main 中被引用
fabmap_sample.obj : error LNK2019: 无法解析的外部符号 "public: void __thiscall cv::BOWImgDescriptorExtractor::compute(class cv::Mat const &,class std::vector<class cv::KeyPoint,class std::allocator<class cv::KeyPoint> > &,class cv::Mat &,class std::vector<class std::vector<int,class std::allocator<int> >,class std::allocator<class std::vector<int,class std::allocator<int> > > > *,class cv::Mat *)" (?compute@BOWImgDescriptorExtractor@cv@@QAEXABVMat@2@AAV?$vector@VKeyPoint@cv@@V?$allocator@VKeyPoint@cv@@@std@@@std@@AAV32@PAV?$vector@V?$vector@HV?$allocator@H@std@@@std@@V?$allocator@V?$vector@HV?$allocator@H@std@@@std@@@2@@5@PAV32@@Z)，该符号在函数 _main 中被引用
fabmap_sample.obj : error LNK2019: 无法解析的外部符号 "int __cdecl cv::waitKey(int)" (?waitKey@cv@@YAHH@Z)，该符号在函数 _main 中被引用
fabmap_sample.obj : error LNK2019: 无法解析的外部符号 "void __cdecl cv::imshow(class std::basic_string<char,struct std::char_traits<char>,class std::allocator<char> > const &,class cv::_InputArray const &)" (?imshow@cv@@YAXABV?$basic_string@DU?$char_traits@D@std@@V?$allocator@D@2@@std@@ABV_InputArray@1@@Z)，该符号在函数 _main 中被引用
fabmap_sample.obj : error LNK2019: 无法解析的外部符号 "class cv::Mat __cdecl cv::imread(class std::basic_string<char,struct std::char_traits<char>,class std::allocator<char> > const &,int)" (?imread@cv@@YA?AVMat@1@ABV?$basic_string@DU?$char_traits@D@std@@V?$allocator@D@2@@std@@H@Z)，该符号在函数 _main 中被引用
fabmap_sample.obj : error LNK2019: 无法解析的外部符号 "public: void __thiscall cv::of2::FabMap::compare(class cv::Mat const &,class std::vector<struct cv::of2::IMatch,class std::allocator<struct cv::of2::IMatch> > &,bool,class cv::Mat const &)" (?compare@FabMap@of2@cv@@QAEXABVMat@3@AAV?$vector@UIMatch@of2@cv@@V?$allocator@UIMatch@of2@cv@@@std@@@std@@_N0@Z)，该符号在函数 _main 中被引用
fabmap_sample.obj : error LNK2019: 无法解析的外部符号 "public: __thiscall cv::of2::FabMap2::FabMap2(class cv::Mat const &,double,double,int)" (??0FabMap2@of2@cv@@QAE@ABVMat@2@NNH@Z)，该符号在函数 _main 中被引用
fabmap_sample.obj : error LNK2019: 无法解析的外部符号 "public: __thiscall cv::of2::ChowLiuTree::ChowLiuTree(void)" (??0ChowLiuTree@of2@cv@@QAE@XZ)，该符号在函数 _main 中被引用
fabmap_sample.obj : error LNK2019: 无法解析的外部符号 "public: virtual __thiscall cv::of2::ChowLiuTree::~ChowLiuTree(void)" (??1ChowLiuTree@of2@cv@@UAE@XZ)，该符号在函数 _main 中被引用
fabmap_sample.obj : error LNK2019: 无法解析的外部符号 "public: void __thiscall cv::of2::ChowLiuTree::add(class cv::Mat const &)" (?add@ChowLiuTree@of2@cv@@QAEXABVMat@3@@Z)，该符号在函数 _main 中被引用
fabmap_sample.obj : error LNK2019: 无法解析的外部符号 "public: class cv::Mat __thiscall cv::of2::ChowLiuTree::make(double)" (?make@ChowLiuTree@of2@cv@@QAE?AVMat@3@N@Z)，该符号在函数 _main 中被引用
fabmap_sample.obj : error LNK2019: 无法解析的外部符号 "public: __thiscall cv::SURF::SURF(double,int,int,bool,bool)" (??0SURF@cv@@QAE@NHH_N0@Z)，该符号在函数 _main 中被引用
e:\documents and settings\bob\Visual Studio 2012\Projects\OpenCVDemoTest1\Debug\OpenCVDemoTest1.exe : fatal error LNK1120: 39 个无法解析的外部命令
